<?xml version="1.0" encoding="UTF-8"?>
<!-- Generated by org.testng.reporters.JUnitXMLReporter -->
<testsuite hostname="LAPTOP-FOVU4HFP" ignored="0" name="EmployeesRestAPITest" tests="32" failures="5" timestamp="15 Aug 2019 10:59:41 GMT" time="42.216" errors="0">
  <testcase name="checkContentLenght" time="0.139" classname="com.employeeapi.testCases.TC001_Get_All_Employees">
    <failure type="java.lang.NumberFormatException" message="null">
      <![CDATA[java.lang.NumberFormatException: null
at java.lang.Integer.parseInt(Unknown Source)
at java.lang.Integer.parseInt(Unknown Source)
at com.employeeapi.testCases.TC001_Get_All_Employees.checkContentLenght(TC001_Get_All_Employees.java:137)
... Removed 25 stack frames]]>
    </failure>
  </testcase> <!-- checkContentLenght -->
  <testcase name="checkContentType" time="0.005" classname="com.employeeapi.testCases.TC001_Get_All_Employees"/>
  <testcase name="checkCookies" time="0.004" classname="com.employeeapi.testCases.TC001_Get_All_Employees"/>
  <testcase name="checkResponseTime" time="0.005" classname="com.employeeapi.testCases.TC001_Get_All_Employees"/>
  <testcase name="checkResposeBody" time="3.343" classname="com.employeeapi.testCases.TC001_Get_All_Employees"/>
  <testcase name="checkStatusCode" time="0.003" classname="com.employeeapi.testCases.TC001_Get_All_Employees"/>
  <testcase name="checkcontentEncoding" time="0.003" classname="com.employeeapi.testCases.TC001_Get_All_Employees"/>
  <testcase name="checkserverType" time="0.006" classname="com.employeeapi.testCases.TC001_Get_All_Employees"/>
  <testcase name="checkstatusLine" time="0.002" classname="com.employeeapi.testCases.TC001_Get_All_Employees"/>
  <testcase name="checkContentLenght" time="0.003" classname="com.employeeapi.testCases.TC002_Get_Single_Employee_Record"/>
  <testcase name="checkContentType" time="0.003" classname="com.employeeapi.testCases.TC002_Get_Single_Employee_Record"/>
  <testcase name="checkResponseTime" time="0.004" classname="com.employeeapi.testCases.TC002_Get_Single_Employee_Record"/>
  <testcase name="checkResposeBody" time="0.004" classname="com.employeeapi.testCases.TC002_Get_Single_Employee_Record">
    <failure type="java.lang.AssertionError" message="expected [true] but found [false]">
      <![CDATA[java.lang.AssertionError: expected [true] but found [false]
at com.employeeapi.testCases.TC002_Get_Single_Employee_Record.checkResposeBody(TC002_Get_Single_Employee_Record.java:49)
... Removed 31 stack frames]]>
    </failure>
  </testcase> <!-- checkResposeBody -->
  <testcase name="checkStatusCode" time="0.002" classname="com.employeeapi.testCases.TC002_Get_Single_Employee_Record"/>
  <testcase name="checkserverType" time="0.003" classname="com.employeeapi.testCases.TC002_Get_Single_Employee_Record"/>
  <testcase name="checkstatusLine" time="0.002" classname="com.employeeapi.testCases.TC002_Get_Single_Employee_Record"/>
  <testcase name="checkContentType" time="0.002" classname="com.employeeapi.testCases.TC003_Post_Employee_Record"/>
  <testcase name="checkStatusCode" time="0.003" classname="com.employeeapi.testCases.TC003_Post_Employee_Record"/>
  <testcase name="checkcontentEncoding" time="0.001" classname="com.employeeapi.testCases.TC003_Post_Employee_Record">
    <failure type="java.lang.AssertionError" message="expected [gzip] but found [null]">
      <![CDATA[java.lang.AssertionError: expected [gzip] but found [null]
at com.employeeapi.testCases.TC003_Post_Employee_Record.checkcontentEncoding(TC003_Post_Employee_Record.java:100)
... Removed 31 stack frames]]>
    </failure>
  </testcase> <!-- checkcontentEncoding -->
  <testcase name="checkserverType" time="0.002" classname="com.employeeapi.testCases.TC003_Post_Employee_Record"/>
  <testcase name="checkstatusLine" time="0.001" classname="com.employeeapi.testCases.TC003_Post_Employee_Record"/>
  <testcase name="checkContentType" time="0.002" classname="com.employeeapi.testCases.TC004_Put_Employee_Record"/>
  <testcase name="checkStatusCode" time="0.001" classname="com.employeeapi.testCases.TC004_Put_Employee_Record"/>
  <testcase name="checkcontentEncoding" time="0.001" classname="com.employeeapi.testCases.TC004_Put_Employee_Record">
    <failure type="java.lang.AssertionError" message="expected [gzip] but found [null]">
      <![CDATA[java.lang.AssertionError: expected [gzip] but found [null]
at com.employeeapi.testCases.TC004_Put_Employee_Record.checkcontentEncoding(TC004_Put_Employee_Record.java:103)
... Removed 31 stack frames]]>
    </failure>
  </testcase> <!-- checkcontentEncoding -->
  <testcase name="checkserverType" time="0.002" classname="com.employeeapi.testCases.TC004_Put_Employee_Record"/>
  <testcase name="checkstatusLine" time="0.003" classname="com.employeeapi.testCases.TC004_Put_Employee_Record"/>
  <testcase name="checkContentType" time="0.002" classname="com.employeeapi.testCases.TC005_Delete_Employee_Record"/>
  <testcase name="checkResposeBody" time="0.004" classname="com.employeeapi.testCases.TC005_Delete_Employee_Record"/>
  <testcase name="checkStatusCode" time="0.002" classname="com.employeeapi.testCases.TC005_Delete_Employee_Record"/>
  <testcase name="checkcontentEncoding" time="0.005" classname="com.employeeapi.testCases.TC005_Delete_Employee_Record">
    <failure type="java.lang.AssertionError" message="expected [gzip] but found [null]">
      <![CDATA[java.lang.AssertionError: expected [gzip] but found [null]
at com.employeeapi.testCases.TC005_Delete_Employee_Record.checkcontentEncoding(TC005_Delete_Employee_Record.java:96)
... Removed 31 stack frames]]>
    </failure>
  </testcase> <!-- checkcontentEncoding -->
  <testcase name="checkserverType" time="0.001" classname="com.employeeapi.testCases.TC005_Delete_Employee_Record"/>
  <testcase name="checkstatusLine" time="0.006" classname="com.employeeapi.testCases.TC005_Delete_Employee_Record"/>
</testsuite> <!-- EmployeesRestAPITest -->
