<?xml version="1.0" encoding="UTF-8"?>
<testng-results skipped="0" failed="0" ignored="0" total="1" passed="1">
  <reporter-output>
  </reporter-output>
  <suite name="Default suite" duration-ms="7034" started-at="2019-08-17T06:35:56Z" finished-at="2019-08-17T06:36:03Z">
    <groups>
    </groups>
    <test name="Default test" duration-ms="7034" started-at="2019-08-17T06:35:56Z" finished-at="2019-08-17T06:36:03Z">
      <class name="com.employeeapi.testCases.TC006_Get_Request_Authorization">
        <test-method status="PASS" signature="setup()[pri:0, instance:com.employeeapi.testCases.TC006_Get_Request_Authorization@66a3ffec]" name="setup" is-config="true" duration-ms="778" started-at="2019-08-17T06:35:56Z" finished-at="2019-08-17T06:35:57Z">
          <reporter-output>
          </reporter-output>
        </test-method> <!-- setup -->
        <test-method status="PASS" signature="AutorizationTest()[pri:0, instance:com.employeeapi.testCases.TC006_Get_Request_Authorization@66a3ffec]" name="AutorizationTest" is-config="true" duration-ms="6163" started-at="2019-08-17T06:35:57Z" finished-at="2019-08-17T06:36:03Z">
          <reporter-output>
          </reporter-output>
        </test-method> <!-- AutorizationTest -->
        <test-method status="PASS" signature="checkStatusCode()[pri:0, instance:com.employeeapi.testCases.TC006_Get_Request_Authorization@66a3ffec]" name="checkStatusCode" duration-ms="11" started-at="2019-08-17T06:36:03Z" finished-at="2019-08-17T06:36:03Z">
          <reporter-output>
          </reporter-output>
        </test-method> <!-- checkStatusCode -->
      </class> <!-- com.employeeapi.testCases.TC006_Get_Request_Authorization -->
    </test> <!-- Default test -->
  </suite> <!-- Default suite -->
</testng-results>
